[2026-03-23 15:48:02] ERROR: Unable to load officers. {"exception":"Unable to connect to the database. Update config/database.php or your IMS_DB_* environment variables."}
[2026-03-23 15:48:02] ERROR: Unable to load filtered assets. {"exception":"Unable to connect to the database. Update config/database.php or your IMS_DB_* environment variables."}
[2026-03-23 15:48:03] ERROR: Unable to load chart data. {"exception":"Unable to connect to the database. Update config/database.php or your IMS_DB_* environment variables."}
[2026-03-23 15:48:03] ERROR: Unable to generate report. {"exception":"Unable to connect to the database. Update config/database.php or your IMS_DB_* environment variables."}
[2026-03-23 15:48:24] ERROR: Unable to create officer. {"exception":"Unable to connect to the database. Update config/database.php or your IMS_DB_* environment variables."}
[2026-03-23 15:53:11] ERROR: Unable to load officers. {"exception":"Unable to connect to the database. Update config/database.php or your IMS_DB_* environment variables."}
[2026-03-23 15:53:11] ERROR: Unable to load filtered assets. {"exception":"Unable to connect to the database. Update config/database.php or your IMS_DB_* environment variables."}
[2026-03-23 15:53:11] ERROR: Unable to load chart data. {"exception":"Unable to connect to the database. Update config/database.php or your IMS_DB_* environment variables."}
[2026-03-23 15:53:11] ERROR: Unable to generate report. {"exception":"Unable to connect to the database. Update config/database.php or your IMS_DB_* environment variables."}
[2026-03-23 15:53:27] ERROR: Unable to generate report. {"exception":"Unable to connect to the database. Update config/database.php or your IMS_DB_* environment variables."}
[2026-03-23 15:53:32] ERROR: Unable to generate report. {"exception":"Unable to connect to the database. Update config/database.php or your IMS_DB_* environment variables."}
[2026-03-23 15:53:33] ERROR: Unable to generate report. {"exception":"Unable to connect to the database. Update config/database.php or your IMS_DB_* environment variables."}
[2026-03-23 15:53:34] ERROR: Unable to generate report. {"exception":"Unable to connect to the database. Update config/database.php or your IMS_DB_* environment variables."}
[2026-03-23 15:53:34] ERROR: Unable to generate report. {"exception":"Unable to connect to the database. Update config/database.php or your IMS_DB_* environment variables."}
[2026-03-23 15:55:05] ERROR: Unable to load officers. {"exception":"Unable to connect to the database. Update config/database.php or your IMS_DB_* environment variables."}
[2026-03-23 15:55:05] ERROR: Unable to load chart data. {"exception":"Unable to connect to the database. Update config/database.php or your IMS_DB_* environment variables."}
[2026-03-23 15:55:05] ERROR: Unable to load filtered assets. {"exception":"Unable to connect to the database. Update config/database.php or your IMS_DB_* environment variables."}
[2026-03-23 15:55:05] ERROR: Unable to generate report. {"exception":"Unable to connect to the database. Update config/database.php or your IMS_DB_* environment variables."}
[2026-03-23 15:55:30] ERROR: Unable to add assets. {"exception":"Unable to connect to the database. Update config/database.php or your IMS_DB_* environment variables."}
[2026-03-23 15:56:23] ERROR: Unable to load officers. {"exception":"Unable to connect to the database. Update config/database.php or your IMS_DB_* environment variables."}
[2026-03-23 15:56:23] ERROR: Unable to load filtered assets. {"exception":"Unable to connect to the database. Update config/database.php or your IMS_DB_* environment variables."}
[2026-03-23 15:56:23] ERROR: Unable to load chart data. {"exception":"Unable to connect to the database. Update config/database.php or your IMS_DB_* environment variables."}
[2026-03-23 15:56:23] ERROR: Unable to generate report. {"exception":"Unable to connect to the database. Update config/database.php or your IMS_DB_* environment variables."}
[2026-03-26 20:45:40] ERROR: Unable to load chart data. {"exception":"Unable to connect to the database. Update config/database.php or your IMS_DB_* environment variables."}
[2026-03-26 20:45:41] ERROR: Unable to load chart data. {"exception":"Unable to connect to the database. Update config/database.php or your IMS_DB_* environment variables."}
[2026-03-26 20:46:01] ERROR: Unable to load filtered assets. {"exception":"Unable to connect to the database. Update config/database.php or your IMS_DB_* environment variables."}
[2026-03-26 20:46:02] ERROR: Unable to load filtered assets. {"exception":"Unable to connect to the database. Update config/database.php or your IMS_DB_* environment variables."}
[2026-03-26 20:46:03] ERROR: Unable to load chart data. {"exception":"Unable to connect to the database. Update config/database.php or your IMS_DB_* environment variables."}
[2026-03-26 20:46:03] ERROR: Unable to load chart data. {"exception":"Unable to connect to the database. Update config/database.php or your IMS_DB_* environment variables."}
[2026-03-26 20:46:04] ERROR: Unable to load filtered assets. {"exception":"Unable to connect to the database. Update config/database.php or your IMS_DB_* environment variables."}
[2026-03-26 20:46:04] ERROR: Unable to load filtered assets. {"exception":"Unable to connect to the database. Update config/database.php or your IMS_DB_* environment variables."}
[2026-03-26 20:46:05] ERROR: Unable to load filtered assets. {"exception":"Unable to connect to the database. Update config/database.php or your IMS_DB_* environment variables."}
[2026-03-26 20:46:05] ERROR: Unable to load filtered assets. {"exception":"Unable to connect to the database. Update config/database.php or your IMS_DB_* environment variables."}
[2026-03-26 20:46:08] ERROR: Unable to load filtered assets. {"exception":"Unable to connect to the database. Update config/database.php or your IMS_DB_* environment variables."}
[2026-03-26 20:46:08] ERROR: Unable to load filtered assets. {"exception":"Unable to connect to the database. Update config/database.php or your IMS_DB_* environment variables."}
[2026-03-26 20:46:08] ERROR: Unable to load filtered assets. {"exception":"Unable to connect to the database. Update config/database.php or your IMS_DB_* environment variables."}
[2026-03-26 20:46:09] ERROR: Unable to load filtered assets. {"exception":"Unable to connect to the database. Update config/database.php or your IMS_DB_* environment variables."}
[2026-03-26 20:46:09] ERROR: Unable to load chart data. {"exception":"Unable to connect to the database. Update config/database.php or your IMS_DB_* environment variables."}
[2026-03-26 20:46:10] ERROR: Unable to load chart data. {"exception":"Unable to connect to the database. Update config/database.php or your IMS_DB_* environment variables."}
[2026-03-26 21:25:04] ERROR: Unable to load filtered assets. {"exception":"SQLSTATE[42S22]: Column not found: 1054 Unknown column 'ao.position' in 'field list'"}
[2026-03-26 21:25:04] ERROR: Unable to load filtered assets. {"exception":"SQLSTATE[42S22]: Column not found: 1054 Unknown column 'ao.position' in 'field list'"}
[2026-03-26 21:25:05] ERROR: Unable to load officers. {"exception":"SQLSTATE[42S22]: Column not found: 1054 Unknown column 'position' in 'field list'"}
[2026-03-26 21:25:05] ERROR: Unable to load officers. {"exception":"SQLSTATE[42S22]: Column not found: 1054 Unknown column 'position' in 'field list'"}
[2026-03-26 21:25:14] ERROR: Unable to load filtered assets. {"exception":"SQLSTATE[42S22]: Column not found: 1054 Unknown column 'ao.position' in 'field list'"}
[2026-03-26 21:25:15] ERROR: Unable to load filtered assets. {"exception":"SQLSTATE[42S22]: Column not found: 1054 Unknown column 'ao.position' in 'field list'"}
[2026-03-31 06:46:08] ERROR: Unable to load chart data. {"exception":"Unable to connect to the database. Update config/database.php or your IMS_DB_* environment variables."}
[2026-03-31 06:46:10] ERROR: Unable to load officers. {"exception":"Unable to connect to the database. Update config/database.php or your IMS_DB_* environment variables."}
[2026-03-31 06:46:12] ERROR: Unable to load chart data. {"exception":"Unable to connect to the database. Update config/database.php or your IMS_DB_* environment variables."}
[2026-03-31 06:46:14] ERROR: Unable to load officers. {"exception":"Unable to connect to the database. Update config/database.php or your IMS_DB_* environment variables."}
[2026-03-31 06:46:16] ERROR: Unable to load filtered assets. {"exception":"Unable to connect to the database. Update config/database.php or your IMS_DB_* environment variables."}
[2026-03-31 06:46:18] ERROR: Unable to load filtered assets. {"exception":"Unable to connect to the database. Update config/database.php or your IMS_DB_* environment variables."}
[2026-03-31 06:46:21] ERROR: Unable to load filtered assets. {"exception":"Unable to connect to the database. Update config/database.php or your IMS_DB_* environment variables."}
[2026-03-31 06:46:23] ERROR: Unable to load filtered assets. {"exception":"Unable to connect to the database. Update config/database.php or your IMS_DB_* environment variables."}
[2026-03-31 06:46:25] ERROR: Unable to load chart data. {"exception":"Unable to connect to the database. Update config/database.php or your IMS_DB_* environment variables."}
[2026-03-31 06:46:27] ERROR: Unable to load officers. {"exception":"Unable to connect to the database. Update config/database.php or your IMS_DB_* environment variables."}
[2026-03-31 06:46:29] ERROR: Unable to load chart data. {"exception":"Unable to connect to the database. Update config/database.php or your IMS_DB_* environment variables."}
[2026-03-31 06:46:31] ERROR: Unable to load officers. {"exception":"Unable to connect to the database. Update config/database.php or your IMS_DB_* environment variables."}
[2026-03-31 06:48:19] ERROR: Unable to load officers. {"exception":"SQLSTATE[42S22]: Column not found: 1054 Unknown column 'position' in 'field list'"}
[2026-03-31 06:48:19] ERROR: Unable to load officers. {"exception":"SQLSTATE[42S22]: Column not found: 1054 Unknown column 'position' in 'field list'"}
[2026-03-31 06:48:21] ERROR: Unable to load filtered assets. {"exception":"SQLSTATE[42S22]: Column not found: 1054 Unknown column 'a.property_number' in 'field list'"}
[2026-03-31 06:48:21] ERROR: Unable to load filtered assets. {"exception":"SQLSTATE[42S22]: Column not found: 1054 Unknown column 'a.property_number' in 'field list'"}
[2026-03-31 06:48:22] ERROR: Unable to load filtered assets. {"exception":"SQLSTATE[42S22]: Column not found: 1054 Unknown column 'a.property_number' in 'field list'"}
[2026-03-31 06:48:23] ERROR: Unable to load filtered assets. {"exception":"SQLSTATE[42S22]: Column not found: 1054 Unknown column 'a.property_number' in 'field list'"}
[2026-03-31 06:48:44] ERROR: Unable to load officers. {"exception":"SQLSTATE[42S22]: Column not found: 1054 Unknown column 'position' in 'field list'"}
[2026-03-31 06:48:44] ERROR: Unable to load officers. {"exception":"SQLSTATE[42S22]: Column not found: 1054 Unknown column 'position' in 'field list'"}
[2026-03-31 06:48:59] ERROR: Unable to load officers. {"exception":"SQLSTATE[42S22]: Column not found: 1054 Unknown column 'position' in 'field list'"}
[2026-03-31 06:48:59] ERROR: Unable to load officers. {"exception":"SQLSTATE[42S22]: Column not found: 1054 Unknown column 'position' in 'field list'"}
[2026-03-31 06:52:29] ERROR: Unable to load officers. {"exception":"SQLSTATE[42S22]: Column not found: 1054 Unknown column 'position' in 'field list'"}
[2026-03-31 06:52:29] ERROR: Unable to load officers. {"exception":"SQLSTATE[42S22]: Column not found: 1054 Unknown column 'position' in 'field list'"}
[2026-03-31 06:52:30] ERROR: Unable to load filtered assets. {"exception":"SQLSTATE[42S22]: Column not found: 1054 Unknown column 'a.property_number' in 'field list'"}
[2026-03-31 06:52:31] ERROR: Unable to load filtered assets. {"exception":"SQLSTATE[42S22]: Column not found: 1054 Unknown column 'a.property_number' in 'field list'"}
[2026-03-31 06:53:03] ERROR: Unable to load officers. {"exception":"SQLSTATE[42S22]: Column not found: 1054 Unknown column 'position' in 'field list'"}
[2026-03-31 06:53:03] ERROR: Unable to load officers. {"exception":"SQLSTATE[42S22]: Column not found: 1054 Unknown column 'position' in 'field list'"}
[2026-03-31 06:53:04] ERROR: Unable to load filtered assets. {"exception":"SQLSTATE[42S22]: Column not found: 1054 Unknown column 'a.property_number' in 'field list'"}
[2026-03-31 06:53:04] ERROR: Unable to load filtered assets. {"exception":"SQLSTATE[42S22]: Column not found: 1054 Unknown column 'a.property_number' in 'field list'"}
[2026-03-31 06:53:06] ERROR: Unable to load officers. {"exception":"SQLSTATE[42S22]: Column not found: 1054 Unknown column 'position' in 'field list'"}
[2026-03-31 06:53:06] ERROR: Unable to load officers. {"exception":"SQLSTATE[42S22]: Column not found: 1054 Unknown column 'position' in 'field list'"}
[2026-03-31 06:53:07] ERROR: Unable to load filtered assets. {"exception":"SQLSTATE[42S22]: Column not found: 1054 Unknown column 'a.property_number' in 'field list'"}
[2026-03-31 06:53:07] ERROR: Unable to load filtered assets. {"exception":"SQLSTATE[42S22]: Column not found: 1054 Unknown column 'a.property_number' in 'field list'"}
[2026-03-31 07:08:22] ERROR: Unable to load chart data. {"exception":"SQLSTATE[42S02]: Base table or view not found: 1146 Table 'inventory_management_system.divisions' doesn't exist"}
[2026-03-31 07:08:23] ERROR: Unable to load chart data. {"exception":"SQLSTATE[42S02]: Base table or view not found: 1146 Table 'inventory_management_system.divisions' doesn't exist"}
[2026-03-31 07:08:27] ERROR: Unable to load chart data. {"exception":"SQLSTATE[42S02]: Base table or view not found: 1146 Table 'inventory_management_system.divisions' doesn't exist"}
[2026-03-31 07:08:27] ERROR: Unable to load chart data. {"exception":"SQLSTATE[42S02]: Base table or view not found: 1146 Table 'inventory_management_system.divisions' doesn't exist"}
[2026-03-31 07:08:28] ERROR: Unable to load filtered assets. {"exception":"SQLSTATE[42S02]: Base table or view not found: 1146 Table 'inventory_management_system.divisions' doesn't exist"}
[2026-03-31 07:08:29] ERROR: Unable to load filtered assets. {"exception":"SQLSTATE[42S02]: Base table or view not found: 1146 Table 'inventory_management_system.divisions' doesn't exist"}
[2026-03-31 07:08:29] ERROR: Unable to load officers. {"exception":"SQLSTATE[42S02]: Base table or view not found: 1146 Table 'inventory_management_system.divisions' doesn't exist"}
[2026-03-31 07:08:30] ERROR: Unable to load officers. {"exception":"SQLSTATE[42S02]: Base table or view not found: 1146 Table 'inventory_management_system.divisions' doesn't exist"}
[2026-03-31 07:08:32] ERROR: Unable to load chart data. {"exception":"SQLSTATE[42S02]: Base table or view not found: 1146 Table 'inventory_management_system.divisions' doesn't exist"}
[2026-03-31 07:08:32] ERROR: Unable to load chart data. {"exception":"SQLSTATE[42S02]: Base table or view not found: 1146 Table 'inventory_management_system.divisions' doesn't exist"}
[2026-03-31 07:09:11] ERROR: Unable to load officers. {"exception":"SQLSTATE[42S02]: Base table or view not found: 1146 Table 'inventory_management_system.divisions' doesn't exist"}
[2026-03-31 07:09:11] ERROR: Unable to load officers. {"exception":"SQLSTATE[42S02]: Base table or view not found: 1146 Table 'inventory_management_system.divisions' doesn't exist"}
[2026-03-31 07:09:12] ERROR: Unable to load filtered assets. {"exception":"SQLSTATE[42S02]: Base table or view not found: 1146 Table 'inventory_management_system.divisions' doesn't exist"}
[2026-03-31 07:09:12] ERROR: Unable to load filtered assets. {"exception":"SQLSTATE[42S02]: Base table or view not found: 1146 Table 'inventory_management_system.divisions' doesn't exist"}
[2026-03-31 07:09:12] ERROR: Unable to load filtered assets. {"exception":"SQLSTATE[42S02]: Base table or view not found: 1146 Table 'inventory_management_system.divisions' doesn't exist"}
[2026-03-31 07:09:12] ERROR: Unable to load filtered assets. {"exception":"SQLSTATE[42S02]: Base table or view not found: 1146 Table 'inventory_management_system.divisions' doesn't exist"}
[2026-03-31 07:10:12] ERROR: Unable to load chart data. {"exception":"SQLSTATE[42S02]: Base table or view not found: 1146 Table 'inventory_management_system.divisions' doesn't exist"}
[2026-03-31 07:10:12] ERROR: Unable to load chart data. {"exception":"SQLSTATE[42S02]: Base table or view not found: 1146 Table 'inventory_management_system.divisions' doesn't exist"}
[2026-03-31 07:10:56] ERROR: Unable to load chart data. {"exception":"SQLSTATE[42S02]: Base table or view not found: 1146 Table 'inventory_management_system.divisions' doesn't exist"}
[2026-03-31 07:10:57] ERROR: Unable to load chart data. {"exception":"SQLSTATE[42S02]: Base table or view not found: 1146 Table 'inventory_management_system.divisions' doesn't exist"}
[2026-03-31 07:10:57] ERROR: Unable to load officers. {"exception":"SQLSTATE[42S02]: Base table or view not found: 1146 Table 'inventory_management_system.divisions' doesn't exist"}
[2026-03-31 07:10:57] ERROR: Unable to load officers. {"exception":"SQLSTATE[42S02]: Base table or view not found: 1146 Table 'inventory_management_system.divisions' doesn't exist"}
[2026-03-31 07:10:59] ERROR: Unable to load filtered assets. {"exception":"SQLSTATE[42S02]: Base table or view not found: 1146 Table 'inventory_management_system.divisions' doesn't exist"}
[2026-03-31 07:10:59] ERROR: Unable to load filtered assets. {"exception":"SQLSTATE[42S02]: Base table or view not found: 1146 Table 'inventory_management_system.divisions' doesn't exist"}
[2026-04-06 10:18:26] ERROR: Unable to load chart data. {"exception":"SQLSTATE[42S22]: Column not found: 1054 Unknown column 'd.division_name' in 'field list'"}
[2026-04-06 10:18:26] ERROR: Unable to load chart data. {"exception":"SQLSTATE[42S22]: Column not found: 1054 Unknown column 'd.division_name' in 'field list'"}
[2026-04-06 10:18:27] ERROR: Unable to load chart data. {"exception":"SQLSTATE[42S22]: Column not found: 1054 Unknown column 'd.division_name' in 'field list'"}
[2026-04-06 10:18:27] ERROR: Unable to load chart data. {"exception":"SQLSTATE[42S22]: Column not found: 1054 Unknown column 'd.division_name' in 'field list'"}
[2026-04-06 10:18:27] ERROR: Unable to load chart data. {"exception":"SQLSTATE[42S22]: Column not found: 1054 Unknown column 'd.division_name' in 'field list'"}
[2026-04-06 10:18:27] ERROR: Unable to load chart data. {"exception":"SQLSTATE[42S22]: Column not found: 1054 Unknown column 'd.division_name' in 'field list'"}
[2026-04-06 10:18:28] ERROR: Unable to load chart data. {"exception":"SQLSTATE[42S22]: Column not found: 1054 Unknown column 'd.division_name' in 'field list'"}
[2026-04-06 10:18:28] ERROR: Unable to load chart data. {"exception":"SQLSTATE[42S22]: Column not found: 1054 Unknown column 'd.division_name' in 'field list'"}
[2026-04-06 10:18:28] ERROR: Unable to load chart data. {"exception":"SQLSTATE[42S22]: Column not found: 1054 Unknown column 'd.division_name' in 'field list'"}
[2026-04-06 10:18:28] ERROR: Unable to load chart data. {"exception":"SQLSTATE[42S22]: Column not found: 1054 Unknown column 'd.division_name' in 'field list'"}
[2026-04-06 10:18:28] ERROR: Unable to load chart data. {"exception":"SQLSTATE[42S22]: Column not found: 1054 Unknown column 'd.division_name' in 'field list'"}
[2026-04-06 10:18:29] ERROR: Unable to load chart data. {"exception":"SQLSTATE[42S22]: Column not found: 1054 Unknown column 'd.division_name' in 'field list'"}
[2026-04-06 10:18:29] ERROR: Unable to load chart data. {"exception":"SQLSTATE[42S22]: Column not found: 1054 Unknown column 'd.division_name' in 'field list'"}
[2026-04-06 10:18:29] ERROR: Unable to load chart data. {"exception":"SQLSTATE[42S22]: Column not found: 1054 Unknown column 'd.division_name' in 'field list'"}
[2026-04-06 10:18:29] ERROR: Unable to load chart data. {"exception":"SQLSTATE[42S22]: Column not found: 1054 Unknown column 'd.division_name' in 'field list'"}
[2026-04-06 10:18:30] ERROR: Unable to load chart data. {"exception":"SQLSTATE[42S22]: Column not found: 1054 Unknown column 'd.division_name' in 'field list'"}
[2026-04-06 10:18:30] ERROR: Unable to load chart data. {"exception":"SQLSTATE[42S22]: Column not found: 1054 Unknown column 'd.division_name' in 'field list'"}
[2026-04-06 10:18:30] ERROR: Unable to load chart data. {"exception":"SQLSTATE[42S22]: Column not found: 1054 Unknown column 'd.division_name' in 'field list'"}
[2026-04-06 10:18:53] ERROR: Unable to load chart data. {"exception":"SQLSTATE[42S22]: Column not found: 1054 Unknown column 'd.division_name' in 'field list'"}
[2026-04-06 10:18:53] ERROR: Unable to load chart data. {"exception":"SQLSTATE[42S22]: Column not found: 1054 Unknown column 'd.division_name' in 'field list'"}
[2026-04-06 10:18:54] ERROR: Unable to load chart data. {"exception":"SQLSTATE[42S22]: Column not found: 1054 Unknown column 'd.division_name' in 'field list'"}
[2026-04-06 10:18:54] ERROR: Unable to load chart data. {"exception":"SQLSTATE[42S22]: Column not found: 1054 Unknown column 'd.division_name' in 'field list'"}
[2026-04-06 10:18:55] ERROR: Unable to load chart data. {"exception":"SQLSTATE[42S22]: Column not found: 1054 Unknown column 'd.division_name' in 'field list'"}
[2026-04-06 10:18:55] ERROR: Unable to load chart data. {"exception":"SQLSTATE[42S22]: Column not found: 1054 Unknown column 'd.division_name' in 'field list'"}
[2026-04-06 10:18:55] ERROR: Unable to load chart data. {"exception":"SQLSTATE[42S22]: Column not found: 1054 Unknown column 'd.division_name' in 'field list'"}
[2026-04-06 10:18:55] ERROR: Unable to load chart data. {"exception":"SQLSTATE[42S22]: Column not found: 1054 Unknown column 'd.division_name' in 'field list'"}
[2026-04-06 10:18:56] ERROR: Unable to load chart data. {"exception":"SQLSTATE[42S22]: Column not found: 1054 Unknown column 'd.division_name' in 'field list'"}
[2026-04-06 10:18:57] ERROR: Unable to load chart data. {"exception":"SQLSTATE[42S22]: Column not found: 1054 Unknown column 'd.division_name' in 'field list'"}
[2026-04-06 10:18:57] ERROR: Unable to load chart data. {"exception":"SQLSTATE[42S22]: Column not found: 1054 Unknown column 'd.division_name' in 'field list'"}
[2026-04-06 10:18:57] ERROR: Unable to load chart data. {"exception":"SQLSTATE[42S22]: Column not found: 1054 Unknown column 'd.division_name' in 'field list'"}
[2026-04-06 10:19:00] ERROR: Unable to load chart data. {"exception":"SQLSTATE[42S22]: Column not found: 1054 Unknown column 'd.division_name' in 'field list'"}
[2026-04-06 10:19:00] ERROR: Unable to load chart data. {"exception":"SQLSTATE[42S22]: Column not found: 1054 Unknown column 'd.division_name' in 'field list'"}
[2026-04-06 10:19:30] ERROR: Unable to load chart data. {"exception":"SQLSTATE[42S22]: Column not found: 1054 Unknown column 'd.division_name' in 'field list'"}
[2026-04-06 10:19:30] ERROR: Unable to load chart data. {"exception":"SQLSTATE[42S22]: Column not found: 1054 Unknown column 'd.division_name' in 'field list'"}
[2026-04-06 10:19:37] ERROR: Unable to load chart data. {"exception":"SQLSTATE[42S22]: Column not found: 1054 Unknown column 'd.division_name' in 'field list'"}
[2026-04-06 10:19:37] ERROR: Unable to load chart data. {"exception":"SQLSTATE[42S22]: Column not found: 1054 Unknown column 'd.division_name' in 'field list'"}
[2026-04-06 10:19:53] ERROR: Unable to load chart data. {"exception":"SQLSTATE[42S22]: Column not found: 1054 Unknown column 'd.division_name' in 'field list'"}
[2026-04-06 10:19:53] ERROR: Unable to load chart data. {"exception":"SQLSTATE[42S22]: Column not found: 1054 Unknown column 'd.division_name' in 'field list'"}
[2026-04-07 15:25:21] ERROR: Unable to export report spreadsheet. {"exception":"Call to undefined function App\\Services\\mb_strlen()"}
[2026-04-07 17:26:28] ERROR: Unable to load filtered assets. {"exception":"SQLSTATE[HY000]: General error: 1553 Cannot drop index 'uniq_par_officer_date': needed in a foreign key constraint"}
[2026-04-07 17:26:28] ERROR: Unable to load chart data. {"exception":"SQLSTATE[HY000]: General error: 1553 Cannot drop index 'uniq_par_officer_date': needed in a foreign key constraint"}
[2026-04-08 10:08:45] ERROR: Unable to load filtered assets. {"exception":"SQLSTATE[HY093]: Invalid parameter number"}
[2026-04-08 10:08:45] ERROR: Unable to load filtered assets. {"exception":"SQLSTATE[HY093]: Invalid parameter number"}
[2026-04-08 10:08:46] ERROR: Unable to load filtered assets. {"exception":"SQLSTATE[HY093]: Invalid parameter number"}
[2026-04-08 10:08:47] ERROR: Unable to load filtered assets. {"exception":"SQLSTATE[HY093]: Invalid parameter number"}
[2026-04-08 10:08:49] ERROR: Unable to load filtered assets. {"exception":"SQLSTATE[HY093]: Invalid parameter number"}
[2026-04-08 10:08:49] ERROR: Unable to load filtered assets. {"exception":"SQLSTATE[HY093]: Invalid parameter number"}
[2026-04-08 10:08:49] ERROR: Unable to load filtered assets. {"exception":"SQLSTATE[HY093]: Invalid parameter number"}
[2026-04-08 10:08:49] ERROR: Unable to load filtered assets. {"exception":"SQLSTATE[HY093]: Invalid parameter number"}
[2026-04-08 10:08:49] ERROR: Unable to load filtered assets. {"exception":"SQLSTATE[HY093]: Invalid parameter number"}
[2026-04-08 10:08:50] ERROR: Unable to load filtered assets. {"exception":"SQLSTATE[HY093]: Invalid parameter number"}
[2026-04-08 10:09:04] ERROR: Unable to load filtered assets. {"exception":"SQLSTATE[HY093]: Invalid parameter number"}
[2026-04-08 10:09:05] ERROR: Unable to load filtered assets. {"exception":"SQLSTATE[HY093]: Invalid parameter number"}
[2026-04-08 10:09:07] ERROR: Unable to load filtered assets. {"exception":"SQLSTATE[HY093]: Invalid parameter number"}
[2026-04-08 10:09:08] ERROR: Unable to load filtered assets. {"exception":"SQLSTATE[HY093]: Invalid parameter number"}
[2026-04-08 10:09:44] ERROR: Unable to load filtered assets. {"exception":"SQLSTATE[HY093]: Invalid parameter number"}
[2026-04-08 10:09:44] ERROR: Unable to load filtered assets. {"exception":"SQLSTATE[HY093]: Invalid parameter number"}
[2026-04-08 10:09:51] ERROR: Unable to load filtered assets. {"exception":"SQLSTATE[HY093]: Invalid parameter number"}
[2026-04-08 10:09:51] ERROR: Unable to load filtered assets. {"exception":"SQLSTATE[HY093]: Invalid parameter number"}
[2026-04-08 10:10:27] ERROR: Unable to load filtered assets. {"exception":"SQLSTATE[HY093]: Invalid parameter number"}
[2026-04-08 10:10:27] ERROR: Unable to load filtered assets. {"exception":"SQLSTATE[HY093]: Invalid parameter number"}
[2026-04-08 10:10:45] ERROR: Unable to load filtered assets. {"exception":"SQLSTATE[HY093]: Invalid parameter number"}
[2026-04-08 10:10:45] ERROR: Unable to load filtered assets. {"exception":"SQLSTATE[HY093]: Invalid parameter number"}
[2026-04-08 10:10:50] ERROR: Unable to load inventory items. {"exception":"SQLSTATE[HY093]: Invalid parameter number"}
[2026-04-08 10:10:50] ERROR: Unable to load inventory items. {"exception":"SQLSTATE[HY093]: Invalid parameter number"}
[2026-04-08 10:10:50] ERROR: Unable to load inventory items. {"exception":"SQLSTATE[HY093]: Invalid parameter number"}
[2026-04-08 10:10:51] ERROR: Unable to load inventory items. {"exception":"SQLSTATE[HY093]: Invalid parameter number"}
[2026-04-08 10:10:56] ERROR: Unable to load filtered assets. {"exception":"SQLSTATE[HY093]: Invalid parameter number"}
[2026-04-08 10:10:56] ERROR: Unable to load filtered assets. {"exception":"SQLSTATE[HY093]: Invalid parameter number"}
[2026-04-08 10:11:00] ERROR: Unable to load filtered assets. {"exception":"SQLSTATE[HY093]: Invalid parameter number"}
[2026-04-08 10:11:01] ERROR: Unable to load filtered assets. {"exception":"SQLSTATE[HY093]: Invalid parameter number"}
[2026-04-08 10:12:41] ERROR: Unable to load filtered assets. {"exception":"SQLSTATE[HY093]: Invalid parameter number"}
[2026-04-08 10:12:41] ERROR: Unable to load filtered assets. {"exception":"SQLSTATE[HY093]: Invalid parameter number"}
[2026-04-08 10:12:43] ERROR: Unable to load filtered assets. {"exception":"SQLSTATE[HY093]: Invalid parameter number"}
[2026-04-08 10:12:44] ERROR: Unable to load filtered assets. {"exception":"SQLSTATE[HY093]: Invalid parameter number"}
[2026-04-08 10:12:45] ERROR: Unable to load filtered assets. {"exception":"SQLSTATE[HY093]: Invalid parameter number"}
[2026-04-08 10:12:46] ERROR: Unable to load filtered assets. {"exception":"SQLSTATE[HY093]: Invalid parameter number"}
[2026-04-08 10:12:52] ERROR: Unable to load filtered assets. {"exception":"SQLSTATE[HY093]: Invalid parameter number"}
[2026-04-08 10:12:53] ERROR: Unable to load filtered assets. {"exception":"SQLSTATE[HY093]: Invalid parameter number"}
[2026-04-08 10:12:54] ERROR: Unable to load filtered assets. {"exception":"SQLSTATE[HY093]: Invalid parameter number"}
[2026-04-08 10:12:55] ERROR: Unable to load filtered assets. {"exception":"SQLSTATE[HY093]: Invalid parameter number"}
[2026-04-08 10:12:57] ERROR: Unable to load filtered assets. {"exception":"SQLSTATE[HY093]: Invalid parameter number"}
[2026-04-08 10:12:58] ERROR: Unable to load filtered assets. {"exception":"SQLSTATE[HY093]: Invalid parameter number"}
[2026-04-08 10:13:28] ERROR: Unable to load filtered assets. {"exception":"SQLSTATE[HY093]: Invalid parameter number"}
[2026-04-08 10:13:28] ERROR: Unable to load filtered assets. {"exception":"SQLSTATE[HY093]: Invalid parameter number"}
[2026-04-08 10:24:51] ERROR: Unable to load filtered assets. {"exception":"SQLSTATE[HY093]: Invalid parameter number"}
[2026-04-08 10:24:51] ERROR: Unable to load filtered assets. {"exception":"SQLSTATE[HY093]: Invalid parameter number"}
[2026-04-08 10:24:59] ERROR: Unable to load filtered assets. {"exception":"SQLSTATE[HY093]: Invalid parameter number"}
[2026-04-08 10:24:59] ERROR: Unable to load filtered assets. {"exception":"SQLSTATE[HY093]: Invalid parameter number"}
[2026-04-08 10:24:59] ERROR: Unable to load filtered assets. {"exception":"SQLSTATE[HY093]: Invalid parameter number"}
[2026-04-08 10:24:59] ERROR: Unable to load filtered assets. {"exception":"SQLSTATE[HY093]: Invalid parameter number"}
[2026-04-08 10:25:02] ERROR: Unable to load filtered assets. {"exception":"SQLSTATE[HY093]: Invalid parameter number"}
[2026-04-08 10:25:02] ERROR: Unable to load filtered assets. {"exception":"SQLSTATE[HY093]: Invalid parameter number"}
[2026-04-08 10:25:04] ERROR: Unable to load filtered assets. {"exception":"SQLSTATE[HY093]: Invalid parameter number"}
[2026-04-08 10:25:05] ERROR: Unable to load filtered assets. {"exception":"SQLSTATE[HY093]: Invalid parameter number"}
[2026-04-08 10:25:06] ERROR: Unable to load filtered assets. {"exception":"SQLSTATE[HY093]: Invalid parameter number"}
[2026-04-08 10:25:06] ERROR: Unable to load filtered assets. {"exception":"SQLSTATE[HY093]: Invalid parameter number"}
[2026-04-08 10:25:06] ERROR: Unable to load filtered assets. {"exception":"SQLSTATE[HY093]: Invalid parameter number"}
[2026-04-08 10:25:06] ERROR: Unable to load filtered assets. {"exception":"SQLSTATE[HY093]: Invalid parameter number"}
[2026-04-08 10:25:07] ERROR: Unable to load filtered assets. {"exception":"SQLSTATE[HY093]: Invalid parameter number"}
[2026-04-08 10:25:07] ERROR: Unable to load filtered assets. {"exception":"SQLSTATE[HY093]: Invalid parameter number"}
[2026-04-08 10:25:07] ERROR: Unable to load filtered assets. {"exception":"SQLSTATE[HY093]: Invalid parameter number"}
[2026-04-08 10:25:08] ERROR: Unable to load filtered assets. {"exception":"SQLSTATE[HY093]: Invalid parameter number"}
[2026-04-08 10:25:08] ERROR: Unable to load filtered assets. {"exception":"SQLSTATE[HY093]: Invalid parameter number"}
[2026-04-08 10:25:08] ERROR: Unable to load filtered assets. {"exception":"SQLSTATE[HY093]: Invalid parameter number"}
[2026-04-08 10:25:09] ERROR: Unable to load filtered assets. {"exception":"SQLSTATE[HY093]: Invalid parameter number"}
[2026-04-08 10:25:09] ERROR: Unable to load filtered assets. {"exception":"SQLSTATE[HY093]: Invalid parameter number"}
[2026-04-08 10:25:27] ERROR: Unable to load filtered assets. {"exception":"SQLSTATE[HY093]: Invalid parameter number"}
[2026-04-08 10:25:28] ERROR: Unable to load filtered assets. {"exception":"SQLSTATE[HY093]: Invalid parameter number"}
[2026-04-08 10:26:29] ERROR: Unable to load filtered assets. {"exception":"SQLSTATE[HY093]: Invalid parameter number"}
[2026-04-08 10:26:29] ERROR: Unable to load filtered assets. {"exception":"SQLSTATE[HY093]: Invalid parameter number"}
[2026-04-08 10:26:29] ERROR: Unable to load filtered assets. {"exception":"SQLSTATE[HY093]: Invalid parameter number"}
[2026-04-08 10:26:29] ERROR: Unable to load filtered assets. {"exception":"SQLSTATE[HY093]: Invalid parameter number"}
[2026-04-08 10:26:54] ERROR: Unable to load filtered assets. {"exception":"SQLSTATE[HY093]: Invalid parameter number"}
[2026-04-08 10:26:55] ERROR: Unable to load filtered assets. {"exception":"SQLSTATE[HY093]: Invalid parameter number"}
[2026-04-08 10:27:00] ERROR: Unable to load filtered assets. {"exception":"SQLSTATE[HY093]: Invalid parameter number"}
[2026-04-08 10:27:00] ERROR: Unable to load filtered assets. {"exception":"SQLSTATE[HY093]: Invalid parameter number"}
[2026-04-08 10:29:03] ERROR: Unable to load filtered assets. {"exception":"SQLSTATE[HY093]: Invalid parameter number"}
[2026-04-08 10:29:04] ERROR: Unable to load filtered assets. {"exception":"SQLSTATE[HY093]: Invalid parameter number"}
[2026-04-08 10:29:38] ERROR: Unable to load filtered assets. {"exception":"SQLSTATE[HY093]: Invalid parameter number"}
[2026-04-08 10:29:39] ERROR: Unable to load filtered assets. {"exception":"SQLSTATE[HY093]: Invalid parameter number"}
[2026-04-08 10:29:41] ERROR: Unable to load filtered assets. {"exception":"SQLSTATE[HY093]: Invalid parameter number"}
[2026-04-08 10:29:41] ERROR: Unable to load filtered assets. {"exception":"SQLSTATE[HY093]: Invalid parameter number"}
[2026-04-08 10:29:45] ERROR: Unable to load filtered assets. {"exception":"SQLSTATE[HY093]: Invalid parameter number"}
[2026-04-08 10:29:45] ERROR: Unable to load filtered assets. {"exception":"SQLSTATE[HY093]: Invalid parameter number"}
[2026-04-08 10:34:25] ERROR: Unable to load filtered assets. {"exception":"SQLSTATE[HY093]: Invalid parameter number"}
[2026-04-08 10:34:26] ERROR: Unable to load filtered assets. {"exception":"SQLSTATE[HY093]: Invalid parameter number"}
[2026-04-08 20:46:16] ERROR: Unable to load filtered assets. {"exception":"Unable to connect to the database. Update config/database.php or your IMS_DB_* environment variables."}
[2026-04-08 20:48:00] ERROR: Unable to load filtered assets. {"exception":"SQLSTATE[HY093]: Invalid parameter number"}
[2026-04-08 20:48:00] ERROR: Unable to load filtered assets. {"exception":"SQLSTATE[HY093]: Invalid parameter number"}
[2026-04-08 20:48:01] ERROR: Unable to load filtered assets. {"exception":"SQLSTATE[HY093]: Invalid parameter number"}
[2026-04-08 20:48:01] ERROR: Unable to load filtered assets. {"exception":"SQLSTATE[HY093]: Invalid parameter number"}
[2026-04-08 20:48:01] ERROR: Unable to load filtered assets. {"exception":"SQLSTATE[HY093]: Invalid parameter number"}
[2026-04-08 20:48:01] ERROR: Unable to load filtered assets. {"exception":"SQLSTATE[HY093]: Invalid parameter number"}
[2026-04-08 20:48:02] ERROR: Unable to load filtered assets. {"exception":"SQLSTATE[HY093]: Invalid parameter number"}
[2026-04-08 20:48:03] ERROR: Unable to load filtered assets. {"exception":"SQLSTATE[HY093]: Invalid parameter number"}
[2026-04-08 20:48:04] ERROR: Unable to load filtered assets. {"exception":"SQLSTATE[HY093]: Invalid parameter number"}
[2026-04-08 20:48:04] ERROR: Unable to load filtered assets. {"exception":"SQLSTATE[HY093]: Invalid parameter number"}
[2026-04-08 20:48:04] ERROR: Unable to load filtered assets. {"exception":"SQLSTATE[HY093]: Invalid parameter number"}
[2026-04-08 20:48:05] ERROR: Unable to load filtered assets. {"exception":"SQLSTATE[HY093]: Invalid parameter number"}
[2026-04-08 20:48:06] ERROR: Unable to load filtered assets. {"exception":"SQLSTATE[HY093]: Invalid parameter number"}
[2026-04-08 20:48:06] ERROR: Unable to load filtered assets. {"exception":"SQLSTATE[HY093]: Invalid parameter number"}
[2026-04-08 20:48:21] ERROR: Unable to load filtered assets. {"exception":"SQLSTATE[HY093]: Invalid parameter number"}
[2026-04-08 20:48:21] ERROR: Unable to load filtered assets. {"exception":"SQLSTATE[HY093]: Invalid parameter number"}
[2026-04-08 20:48:25] ERROR: Unable to load filtered assets. {"exception":"SQLSTATE[HY093]: Invalid parameter number"}
[2026-04-08 20:48:26] ERROR: Unable to load filtered assets. {"exception":"SQLSTATE[HY093]: Invalid parameter number"}
[2026-04-08 20:48:29] ERROR: Unable to load filtered assets. {"exception":"SQLSTATE[HY093]: Invalid parameter number"}
[2026-04-08 20:48:30] ERROR: Unable to load filtered assets. {"exception":"SQLSTATE[HY093]: Invalid parameter number"}
[2026-04-08 20:48:54] ERROR: Unable to load filtered assets. {"exception":"SQLSTATE[HY093]: Invalid parameter number"}
[2026-04-08 20:48:54] ERROR: Unable to load filtered assets. {"exception":"SQLSTATE[HY093]: Invalid parameter number"}
[2026-04-08 20:50:10] ERROR: Unable to load filtered assets. {"exception":"SQLSTATE[HY093]: Invalid parameter number"}
[2026-04-08 20:50:10] ERROR: Unable to load filtered assets. {"exception":"SQLSTATE[HY093]: Invalid parameter number"}
[2026-04-08 20:50:10] ERROR: Unable to load filtered assets. {"exception":"SQLSTATE[HY093]: Invalid parameter number"}
[2026-04-08 20:50:10] ERROR: Unable to load filtered assets. {"exception":"SQLSTATE[HY093]: Invalid parameter number"}
[2026-04-08 20:50:15] ERROR: Unable to load filtered assets. {"exception":"SQLSTATE[HY093]: Invalid parameter number"}
[2026-04-08 20:50:15] ERROR: Unable to load filtered assets. {"exception":"SQLSTATE[HY093]: Invalid parameter number"}
[2026-04-19 11:44:44] ERROR: Unable to load filtered assets. {"exception":"SQLSTATE[HY093]: Invalid parameter number"}
[2026-04-19 11:44:45] ERROR: Unable to load filtered assets. {"exception":"SQLSTATE[HY093]: Invalid parameter number"}
[2026-04-19 11:44:45] ERROR: Unable to load filtered assets. {"exception":"SQLSTATE[HY093]: Invalid parameter number"}
[2026-04-19 11:44:45] ERROR: Unable to load filtered assets. {"exception":"SQLSTATE[HY093]: Invalid parameter number"}
[2026-04-19 11:44:45] ERROR: Unable to load filtered assets. {"exception":"SQLSTATE[HY093]: Invalid parameter number"}
[2026-04-19 11:44:46] ERROR: Unable to load filtered assets. {"exception":"SQLSTATE[HY093]: Invalid parameter number"}
[2026-04-19 11:44:49] ERROR: Unable to load filtered assets. {"exception":"SQLSTATE[HY093]: Invalid parameter number"}
[2026-04-19 11:44:50] ERROR: Unable to load filtered assets. {"exception":"SQLSTATE[HY093]: Invalid parameter number"}
[2026-04-19 11:44:52] ERROR: Unable to load filtered assets. {"exception":"SQLSTATE[HY093]: Invalid parameter number"}
[2026-04-19 11:44:53] ERROR: Unable to load filtered assets. {"exception":"SQLSTATE[HY093]: Invalid parameter number"}
[2026-04-19 11:45:01] ERROR: Unable to load filtered assets. {"exception":"SQLSTATE[HY093]: Invalid parameter number"}
[2026-04-19 11:45:02] ERROR: Unable to load filtered assets. {"exception":"SQLSTATE[HY093]: Invalid parameter number"}
[2026-04-19 11:45:02] ERROR: Unable to load filtered assets. {"exception":"SQLSTATE[HY093]: Invalid parameter number"}
[2026-04-19 11:45:02] ERROR: Unable to load filtered assets. {"exception":"SQLSTATE[HY093]: Invalid parameter number"}
[2026-04-19 11:45:03] ERROR: Unable to load filtered assets. {"exception":"SQLSTATE[HY093]: Invalid parameter number"}
[2026-04-19 11:45:03] ERROR: Unable to load filtered assets. {"exception":"SQLSTATE[HY093]: Invalid parameter number"}
[2026-04-19 11:45:03] ERROR: Unable to load filtered assets. {"exception":"SQLSTATE[HY093]: Invalid parameter number"}
[2026-04-19 11:45:03] ERROR: Unable to load filtered assets. {"exception":"SQLSTATE[HY093]: Invalid parameter number"}
[2026-04-19 11:45:04] ERROR: Unable to load filtered assets. {"exception":"SQLSTATE[HY093]: Invalid parameter number"}
[2026-04-19 11:45:05] ERROR: Unable to load filtered assets. {"exception":"SQLSTATE[HY093]: Invalid parameter number"}
[2026-04-19 11:45:05] ERROR: Unable to load filtered assets. {"exception":"SQLSTATE[HY093]: Invalid parameter number"}
[2026-04-19 11:45:05] ERROR: Unable to load filtered assets. {"exception":"SQLSTATE[HY093]: Invalid parameter number"}
[2026-04-19 11:45:11] ERROR: Unable to load filtered assets. {"exception":"SQLSTATE[HY093]: Invalid parameter number"}
[2026-04-19 11:45:12] ERROR: Unable to load filtered assets. {"exception":"SQLSTATE[HY093]: Invalid parameter number"}
[2026-04-19 11:46:58] ERROR: Unable to load filtered assets. {"exception":"SQLSTATE[HY093]: Invalid parameter number"}
[2026-04-19 11:46:58] ERROR: Unable to load filtered assets. {"exception":"SQLSTATE[HY093]: Invalid parameter number"}
[2026-04-21 08:54:17] ERROR: Unable to load inventory items. {"exception":"SQLSTATE[HY093]: Invalid parameter number"}
[2026-04-21 08:54:17] ERROR: Unable to load inventory items. {"exception":"SQLSTATE[HY093]: Invalid parameter number"}
[2026-04-21 08:54:18] ERROR: Unable to load inventory items. {"exception":"SQLSTATE[HY093]: Invalid parameter number"}
[2026-04-21 08:54:18] ERROR: Unable to load inventory items. {"exception":"SQLSTATE[HY093]: Invalid parameter number"}
[2026-04-21 08:54:18] ERROR: Unable to load inventory items. {"exception":"SQLSTATE[HY093]: Invalid parameter number"}
[2026-04-21 08:54:18] ERROR: Unable to load inventory items. {"exception":"SQLSTATE[HY093]: Invalid parameter number"}
[2026-04-21 08:54:19] ERROR: Unable to load inventory items. {"exception":"SQLSTATE[HY093]: Invalid parameter number"}
[2026-04-21 08:54:19] ERROR: Unable to load inventory items. {"exception":"SQLSTATE[HY093]: Invalid parameter number"}
[2026-04-22 08:57:05] ERROR: Unable to load officers. {"exception":"SQLSTATE[23000]: Integrity constraint violation: 1062 Duplicate entry 'AO_PDIPBD_02' for key 'officer_code'"}
[2026-04-22 08:57:05] ERROR: Unable to load officers. {"exception":"SQLSTATE[23000]: Integrity constraint violation: 1062 Duplicate entry 'AO_PDIPBD_02' for key 'officer_code'"}
[2026-04-22 08:57:05] ERROR: Unable to load officers. {"exception":"SQLSTATE[23000]: Integrity constraint violation: 1062 Duplicate entry 'AO_PDIPBD_02' for key 'officer_code'"}
[2026-04-22 08:57:05] ERROR: Unable to load officers. {"exception":"SQLSTATE[23000]: Integrity constraint violation: 1062 Duplicate entry 'AO_PDIPBD_02' for key 'officer_code'"}
[2026-04-22 08:57:05] ERROR: Unable to load officers. {"exception":"SQLSTATE[23000]: Integrity constraint violation: 1062 Duplicate entry 'AO_PDIPBD_02' for key 'officer_code'"}
[2026-04-22 08:57:05] ERROR: Unable to load officers. {"exception":"SQLSTATE[23000]: Integrity constraint violation: 1062 Duplicate entry 'AO_PDIPBD_02' for key 'officer_code'"}
[2026-04-22 08:57:14] ERROR: Unable to update officer. {"exception":"SQLSTATE[23000]: Integrity constraint violation: 1062 Duplicate entry 'AO_PDIPBD_02' for key 'officer_code'"}
[2026-04-22 08:57:16] ERROR: Unable to update officer. {"exception":"SQLSTATE[23000]: Integrity constraint violation: 1062 Duplicate entry 'AO_PDIPBD_02' for key 'officer_code'"}
[2026-04-22 08:57:17] ERROR: Unable to update officer. {"exception":"SQLSTATE[23000]: Integrity constraint violation: 1062 Duplicate entry 'AO_PDIPBD_02' for key 'officer_code'"}
[2026-04-22 08:57:19] ERROR: Unable to update officer. {"exception":"SQLSTATE[23000]: Integrity constraint violation: 1062 Duplicate entry 'AO_PDIPBD_02' for key 'officer_code'"}
[2026-04-22 08:57:19] ERROR: Unable to update officer. {"exception":"SQLSTATE[23000]: Integrity constraint violation: 1062 Duplicate entry 'AO_PDIPBD_02' for key 'officer_code'"}
[2026-04-22 08:57:19] ERROR: Unable to update officer. {"exception":"SQLSTATE[23000]: Integrity constraint violation: 1062 Duplicate entry 'AO_PDIPBD_02' for key 'officer_code'"}
[2026-04-22 08:57:20] ERROR: Unable to update officer. {"exception":"SQLSTATE[23000]: Integrity constraint violation: 1062 Duplicate entry 'AO_PDIPBD_02' for key 'officer_code'"}
[2026-04-22 08:57:20] ERROR: Unable to update officer. {"exception":"SQLSTATE[23000]: Integrity constraint violation: 1062 Duplicate entry 'AO_PDIPBD_02' for key 'officer_code'"}
[2026-04-22 08:57:20] ERROR: Unable to update officer. {"exception":"SQLSTATE[23000]: Integrity constraint violation: 1062 Duplicate entry 'AO_PDIPBD_02' for key 'officer_code'"}
[2026-04-22 08:57:37] ERROR: Unable to update officer. {"exception":"SQLSTATE[23000]: Integrity constraint violation: 1062 Duplicate entry 'AO_PDIPBD_02' for key 'officer_code'"}
[2026-04-22 08:57:48] ERROR: Unable to update officer. {"exception":"SQLSTATE[23000]: Integrity constraint violation: 1062 Duplicate entry 'AO_PDIPBD_02' for key 'officer_code'"}
[2026-04-22 08:57:48] ERROR: Unable to update officer. {"exception":"SQLSTATE[23000]: Integrity constraint violation: 1062 Duplicate entry 'AO_PDIPBD_02' for key 'officer_code'"}
[2026-04-22 08:57:49] ERROR: Unable to update officer. {"exception":"SQLSTATE[23000]: Integrity constraint violation: 1062 Duplicate entry 'AO_PDIPBD_02' for key 'officer_code'"}
[2026-04-22 08:57:49] ERROR: Unable to update officer. {"exception":"SQLSTATE[23000]: Integrity constraint violation: 1062 Duplicate entry 'AO_PDIPBD_02' for key 'officer_code'"}
[2026-04-22 08:57:49] ERROR: Unable to update officer. {"exception":"SQLSTATE[23000]: Integrity constraint violation: 1062 Duplicate entry 'AO_PDIPBD_02' for key 'officer_code'"}
[2026-04-22 08:57:57] ERROR: Unable to create officer. {"exception":"SQLSTATE[23000]: Integrity constraint violation: 1062 Duplicate entry 'AO_PDIPBD_02' for key 'officer_code'"}
[2026-04-22 08:57:58] ERROR: Unable to create officer. {"exception":"SQLSTATE[23000]: Integrity constraint violation: 1062 Duplicate entry 'AO_PDIPBD_02' for key 'officer_code'"}
[2026-04-22 08:57:58] ERROR: Unable to create officer. {"exception":"SQLSTATE[23000]: Integrity constraint violation: 1062 Duplicate entry 'AO_PDIPBD_02' for key 'officer_code'"}
[2026-04-22 08:58:12] ERROR: Unable to load officers. {"exception":"SQLSTATE[23000]: Integrity constraint violation: 1062 Duplicate entry 'AO_PDIPBD_02' for key 'officer_code'"}
[2026-04-22 08:58:13] ERROR: Unable to load officers. {"exception":"SQLSTATE[23000]: Integrity constraint violation: 1062 Duplicate entry 'AO_PDIPBD_02' for key 'officer_code'"}
[2026-04-22 08:58:15] ERROR: Unable to load officers. {"exception":"SQLSTATE[23000]: Integrity constraint violation: 1062 Duplicate entry 'AO_PDIPBD_02' for key 'officer_code'"}
[2026-04-22 08:58:15] ERROR: Unable to load filtered assets. {"exception":"SQLSTATE[23000]: Integrity constraint violation: 1062 Duplicate entry 'AO_PDIPBD_02' for key 'officer_code'"}
[2026-04-22 08:58:16] ERROR: Unable to load officers. {"exception":"SQLSTATE[23000]: Integrity constraint violation: 1062 Duplicate entry 'AO_PDIPBD_02' for key 'officer_code'"}
[2026-04-22 08:58:16] ERROR: Unable to load filtered assets. {"exception":"SQLSTATE[23000]: Integrity constraint violation: 1062 Duplicate entry 'AO_PDIPBD_02' for key 'officer_code'"}
[2026-04-22 08:58:17] ERROR: Unable to load inventory items. {"exception":"SQLSTATE[23000]: Integrity constraint violation: 1062 Duplicate entry 'AO_PDIPBD_02' for key 'officer_code'"}
[2026-04-22 08:58:17] ERROR: Unable to load inventory items. {"exception":"SQLSTATE[23000]: Integrity constraint violation: 1062 Duplicate entry 'AO_PDIPBD_02' for key 'officer_code'"}
[2026-04-22 14:30:48] ERROR: Unable to load inventory items. {"exception":"SQLSTATE[HY093]: Invalid parameter number"}
[2026-04-22 14:30:49] ERROR: Unable to load inventory items. {"exception":"SQLSTATE[HY093]: Invalid parameter number"}
[2026-04-22 14:30:49] ERROR: Unable to load inventory items. {"exception":"SQLSTATE[HY093]: Invalid parameter number"}
[2026-04-22 14:30:49] ERROR: Unable to load inventory items. {"exception":"SQLSTATE[HY093]: Invalid parameter number"}
[2026-04-22 14:30:54] ERROR: Unable to load filtered assets. {"exception":"SQLSTATE[HY093]: Invalid parameter number"}
[2026-04-22 14:30:55] ERROR: Unable to load filtered assets. {"exception":"SQLSTATE[HY093]: Invalid parameter number"}
[2026-04-24 11:57:49] ERROR: Unable to load filtered assets. {"exception":"SQLSTATE[HY093]: Invalid parameter number"}
[2026-04-24 11:57:50] ERROR: Unable to load filtered assets. {"exception":"SQLSTATE[HY093]: Invalid parameter number"}
[2026-04-24 11:57:53] ERROR: Unable to load filtered assets. {"exception":"SQLSTATE[HY093]: Invalid parameter number"}
[2026-04-24 11:57:55] ERROR: Unable to load filtered assets. {"exception":"SQLSTATE[HY093]: Invalid parameter number"}
[2026-04-24 11:57:58] ERROR: Unable to load filtered assets. {"exception":"SQLSTATE[HY093]: Invalid parameter number"}
[2026-04-24 11:57:58] ERROR: Unable to load filtered assets. {"exception":"SQLSTATE[HY093]: Invalid parameter number"}
[2026-04-24 11:57:59] ERROR: Unable to load filtered assets. {"exception":"SQLSTATE[HY093]: Invalid parameter number"}
[2026-04-24 11:58:00] ERROR: Unable to load filtered assets. {"exception":"SQLSTATE[HY093]: Invalid parameter number"}
[2026-04-24 11:58:02] ERROR: Unable to load filtered assets. {"exception":"SQLSTATE[HY093]: Invalid parameter number"}
[2026-04-24 11:58:03] ERROR: Unable to load filtered assets. {"exception":"SQLSTATE[HY093]: Invalid parameter number"}
[2026-04-24 11:58:50] ERROR: Unable to load filtered assets. {"exception":"SQLSTATE[HY093]: Invalid parameter number"}
[2026-04-24 11:58:50] ERROR: Unable to load filtered assets. {"exception":"SQLSTATE[HY093]: Invalid parameter number"}
[2026-04-24 11:58:51] ERROR: Unable to load filtered assets. {"exception":"SQLSTATE[HY093]: Invalid parameter number"}
[2026-04-24 11:58:51] ERROR: Unable to load filtered assets. {"exception":"SQLSTATE[HY093]: Invalid parameter number"}
[2026-04-24 11:58:52] ERROR: Unable to load filtered assets. {"exception":"SQLSTATE[HY093]: Invalid parameter number"}
[2026-04-24 11:58:53] ERROR: Unable to load filtered assets. {"exception":"SQLSTATE[HY093]: Invalid parameter number"}
[2026-04-24 12:01:12] ERROR: Unable to load filtered assets. {"exception":"SQLSTATE[HY093]: Invalid parameter number"}
[2026-04-24 12:01:12] ERROR: Unable to load filtered assets. {"exception":"SQLSTATE[HY093]: Invalid parameter number"}
[2026-04-24 12:01:13] ERROR: Unable to load filtered assets. {"exception":"SQLSTATE[HY093]: Invalid parameter number"}
[2026-04-24 12:01:13] ERROR: Unable to load filtered assets. {"exception":"SQLSTATE[HY093]: Invalid parameter number"}
[2026-04-24 12:01:15] ERROR: Unable to load filtered assets. {"exception":"SQLSTATE[HY093]: Invalid parameter number"}
[2026-04-24 12:01:16] ERROR: Unable to load filtered assets. {"exception":"SQLSTATE[HY093]: Invalid parameter number"}
[2026-04-24 12:01:21] ERROR: Unable to load filtered assets. {"exception":"SQLSTATE[HY093]: Invalid parameter number"}
[2026-04-24 12:01:21] ERROR: Unable to load filtered assets. {"exception":"SQLSTATE[HY093]: Invalid parameter number"}
[2026-04-24 12:01:22] ERROR: Unable to load filtered assets. {"exception":"SQLSTATE[HY093]: Invalid parameter number"}
[2026-04-24 12:01:22] ERROR: Unable to load filtered assets. {"exception":"SQLSTATE[HY093]: Invalid parameter number"}
[2026-04-24 12:01:25] ERROR: Unable to load filtered assets. {"exception":"SQLSTATE[HY093]: Invalid parameter number"}
[2026-04-24 12:01:27] ERROR: Unable to load filtered assets. {"exception":"SQLSTATE[HY093]: Invalid parameter number"}
[2026-04-24 12:01:42] ERROR: Unable to load filtered assets. {"exception":"SQLSTATE[HY093]: Invalid parameter number"}
[2026-04-24 12:01:42] ERROR: Unable to load filtered assets. {"exception":"SQLSTATE[HY093]: Invalid parameter number"}
[2026-04-24 12:01:44] ERROR: Unable to load filtered assets. {"exception":"SQLSTATE[HY093]: Invalid parameter number"}
[2026-04-24 12:01:45] ERROR: Unable to load filtered assets. {"exception":"SQLSTATE[HY093]: Invalid parameter number"}
[2026-04-24 12:02:58] ERROR: Unable to load filtered assets. {"exception":"SQLSTATE[HY093]: Invalid parameter number"}
[2026-04-24 12:02:58] ERROR: Unable to load filtered assets. {"exception":"SQLSTATE[HY093]: Invalid parameter number"}
[2026-04-24 12:02:59] ERROR: Unable to load filtered assets. {"exception":"SQLSTATE[HY093]: Invalid parameter number"}
[2026-04-24 12:03:00] ERROR: Unable to load filtered assets. {"exception":"SQLSTATE[HY093]: Invalid parameter number"}
[2026-04-24 12:03:01] ERROR: Unable to load filtered assets. {"exception":"SQLSTATE[HY093]: Invalid parameter number"}
[2026-04-24 12:03:01] ERROR: Unable to load filtered assets. {"exception":"SQLSTATE[HY093]: Invalid parameter number"}
[2026-04-24 12:03:02] ERROR: Unable to load filtered assets. {"exception":"SQLSTATE[HY093]: Invalid parameter number"}
[2026-04-24 12:03:02] ERROR: Unable to load filtered assets. {"exception":"SQLSTATE[HY093]: Invalid parameter number"}
[2026-04-24 12:12:21] ERROR: Unable to load filtered assets. {"exception":"SQLSTATE[HY093]: Invalid parameter number"}
[2026-04-24 12:12:22] ERROR: Unable to load filtered assets. {"exception":"SQLSTATE[HY093]: Invalid parameter number"}
[2026-04-24 12:12:23] ERROR: Unable to load filtered assets. {"exception":"SQLSTATE[HY093]: Invalid parameter number"}
[2026-04-24 12:12:24] ERROR: Unable to load filtered assets. {"exception":"SQLSTATE[HY093]: Invalid parameter number"}
[2026-04-24 12:13:26] ERROR: Unable to load filtered assets. {"exception":"SQLSTATE[HY093]: Invalid parameter number"}
[2026-04-24 12:13:26] ERROR: Unable to load filtered assets. {"exception":"SQLSTATE[HY093]: Invalid parameter number"}
[2026-04-24 12:13:46] ERROR: Unable to load filtered assets. {"exception":"SQLSTATE[HY093]: Invalid parameter number"}
[2026-04-24 12:13:47] ERROR: Unable to load filtered assets. {"exception":"SQLSTATE[HY093]: Invalid parameter number"}
[2026-04-24 12:13:48] ERROR: Unable to load filtered assets. {"exception":"SQLSTATE[HY093]: Invalid parameter number"}
[2026-04-24 12:13:49] ERROR: Unable to load filtered assets. {"exception":"SQLSTATE[HY093]: Invalid parameter number"}
[2026-04-24 12:13:50] ERROR: Unable to load filtered assets. {"exception":"SQLSTATE[HY093]: Invalid parameter number"}
[2026-04-24 12:13:51] ERROR: Unable to load filtered assets. {"exception":"SQLSTATE[HY093]: Invalid parameter number"}
[2026-04-24 12:14:14] ERROR: Unable to load filtered assets. {"exception":"SQLSTATE[HY093]: Invalid parameter number"}
[2026-04-24 12:14:15] ERROR: Unable to load filtered assets. {"exception":"SQLSTATE[HY093]: Invalid parameter number"}
[2026-04-24 12:18:41] ERROR: Unable to load filtered assets. {"exception":"SQLSTATE[HY093]: Invalid parameter number"}
[2026-04-24 12:18:41] ERROR: Unable to load filtered assets. {"exception":"SQLSTATE[HY093]: Invalid parameter number"}
[2026-04-24 12:18:52] ERROR: Unable to load filtered assets. {"exception":"SQLSTATE[HY093]: Invalid parameter number"}
[2026-04-24 12:18:53] ERROR: Unable to load filtered assets. {"exception":"SQLSTATE[HY093]: Invalid parameter number"}
[2026-04-24 12:18:53] ERROR: Unable to load filtered assets. {"exception":"SQLSTATE[HY093]: Invalid parameter number"}
[2026-04-24 12:18:53] ERROR: Unable to load filtered assets. {"exception":"SQLSTATE[HY093]: Invalid parameter number"}
[2026-04-24 12:18:54] ERROR: Unable to load filtered assets. {"exception":"SQLSTATE[HY093]: Invalid parameter number"}
[2026-04-24 12:18:55] ERROR: Unable to load filtered assets. {"exception":"SQLSTATE[HY093]: Invalid parameter number"}
[2026-04-24 12:18:55] ERROR: Unable to load filtered assets. {"exception":"SQLSTATE[HY093]: Invalid parameter number"}
[2026-04-24 12:18:56] ERROR: Unable to load filtered assets. {"exception":"SQLSTATE[HY093]: Invalid parameter number"}
[2026-04-24 12:18:57] ERROR: Unable to load filtered assets. {"exception":"SQLSTATE[HY093]: Invalid parameter number"}
[2026-04-24 12:18:58] ERROR: Unable to load filtered assets. {"exception":"SQLSTATE[HY093]: Invalid parameter number"}
[2026-04-24 12:19:02] ERROR: Unable to load filtered assets. {"exception":"SQLSTATE[HY093]: Invalid parameter number"}
[2026-04-24 12:19:03] ERROR: Unable to load filtered assets. {"exception":"SQLSTATE[HY093]: Invalid parameter number"}
[2026-04-24 12:19:35] ERROR: Unable to load filtered assets. {"exception":"SQLSTATE[HY093]: Invalid parameter number"}
[2026-04-24 12:19:36] ERROR: Unable to load filtered assets. {"exception":"SQLSTATE[HY093]: Invalid parameter number"}
[2026-04-24 12:19:36] ERROR: Unable to load filtered assets. {"exception":"SQLSTATE[HY093]: Invalid parameter number"}
[2026-04-24 12:19:37] ERROR: Unable to load filtered assets. {"exception":"SQLSTATE[HY093]: Invalid parameter number"}
[2026-04-24 12:19:38] ERROR: Unable to load filtered assets. {"exception":"SQLSTATE[HY093]: Invalid parameter number"}
[2026-04-24 12:19:39] ERROR: Unable to load filtered assets. {"exception":"SQLSTATE[HY093]: Invalid parameter number"}
[2026-04-24 12:22:19] ERROR: Unable to load filtered assets. {"exception":"SQLSTATE[HY093]: Invalid parameter number"}
[2026-04-24 12:22:20] ERROR: Unable to load filtered assets. {"exception":"SQLSTATE[HY093]: Invalid parameter number"}
[2026-04-24 12:22:20] ERROR: Unable to load filtered assets. {"exception":"SQLSTATE[HY093]: Invalid parameter number"}
[2026-04-24 12:22:20] ERROR: Unable to load filtered assets. {"exception":"SQLSTATE[HY093]: Invalid parameter number"}
[2026-04-24 12:22:23] ERROR: Unable to load filtered assets. {"exception":"SQLSTATE[HY093]: Invalid parameter number"}
[2026-04-24 12:22:24] ERROR: Unable to load filtered assets. {"exception":"SQLSTATE[HY093]: Invalid parameter number"}
[2026-04-24 12:22:25] ERROR: Unable to load filtered assets. {"exception":"SQLSTATE[HY093]: Invalid parameter number"}
[2026-04-24 12:22:26] ERROR: Unable to load filtered assets. {"exception":"SQLSTATE[HY093]: Invalid parameter number"}
[2026-04-24 12:22:26] ERROR: Unable to load filtered assets. {"exception":"SQLSTATE[HY093]: Invalid parameter number"}
[2026-04-24 12:22:27] ERROR: Unable to load filtered assets. {"exception":"SQLSTATE[HY093]: Invalid parameter number"}
[2026-04-24 12:22:31] ERROR: Unable to load filtered assets. {"exception":"SQLSTATE[HY093]: Invalid parameter number"}
[2026-04-24 12:22:31] ERROR: Unable to load filtered assets. {"exception":"SQLSTATE[HY093]: Invalid parameter number"}
[2026-04-24 12:55:32] ERROR: Unable to load filtered assets. {"exception":"SQLSTATE[HY093]: Invalid parameter number"}
[2026-04-24 12:55:32] ERROR: Unable to load filtered assets. {"exception":"SQLSTATE[HY093]: Invalid parameter number"}
[2026-04-24 12:55:32] ERROR: Unable to load filtered assets. {"exception":"SQLSTATE[HY093]: Invalid parameter number"}
[2026-04-24 12:55:32] ERROR: Unable to load filtered assets. {"exception":"SQLSTATE[HY093]: Invalid parameter number"}
[2026-04-24 12:55:33] ERROR: Unable to load filtered assets. {"exception":"SQLSTATE[HY093]: Invalid parameter number"}
[2026-04-24 12:55:34] ERROR: Unable to load filtered assets. {"exception":"SQLSTATE[HY093]: Invalid parameter number"}
[2026-04-24 12:55:38] ERROR: Unable to load filtered assets. {"exception":"SQLSTATE[HY093]: Invalid parameter number"}
[2026-04-24 12:55:38] ERROR: Unable to load filtered assets. {"exception":"SQLSTATE[HY093]: Invalid parameter number"}
[2026-04-24 12:55:39] ERROR: Unable to load filtered assets. {"exception":"SQLSTATE[HY093]: Invalid parameter number"}
[2026-04-24 12:55:39] ERROR: Unable to load filtered assets. {"exception":"SQLSTATE[HY093]: Invalid parameter number"}
[2026-04-24 12:55:42] ERROR: Unable to load filtered assets. {"exception":"SQLSTATE[HY093]: Invalid parameter number"}
[2026-04-24 12:55:43] ERROR: Unable to load filtered assets. {"exception":"SQLSTATE[HY093]: Invalid parameter number"}
[2026-04-24 12:55:48] ERROR: Unable to load filtered assets. {"exception":"SQLSTATE[HY093]: Invalid parameter number"}
[2026-04-24 12:55:49] ERROR: Unable to load filtered assets. {"exception":"SQLSTATE[HY093]: Invalid parameter number"}
[2026-04-24 13:00:39] ERROR: Unable to load filtered assets. {"exception":"SQLSTATE[HY093]: Invalid parameter number"}
[2026-04-24 13:00:40] ERROR: Unable to load filtered assets. {"exception":"SQLSTATE[HY093]: Invalid parameter number"}
[2026-04-24 13:00:41] ERROR: Unable to load filtered assets. {"exception":"SQLSTATE[HY093]: Invalid parameter number"}
[2026-04-24 13:00:41] ERROR: Unable to load filtered assets. {"exception":"SQLSTATE[HY093]: Invalid parameter number"}
[2026-04-24 13:00:58] ERROR: Unable to load filtered assets. {"exception":"SQLSTATE[HY093]: Invalid parameter number"}
[2026-04-24 13:00:59] ERROR: Unable to load filtered assets. {"exception":"SQLSTATE[HY093]: Invalid parameter number"}
[2026-04-24 13:01:02] ERROR: Unable to load filtered assets. {"exception":"SQLSTATE[HY093]: Invalid parameter number"}
[2026-04-24 13:01:02] ERROR: Unable to load filtered assets. {"exception":"SQLSTATE[HY093]: Invalid parameter number"}
[2026-04-24 13:01:05] ERROR: Unable to load filtered assets. {"exception":"SQLSTATE[HY093]: Invalid parameter number"}
[2026-04-24 13:01:05] ERROR: Unable to load filtered assets. {"exception":"SQLSTATE[HY093]: Invalid parameter number"}
[2026-04-24 13:01:05] ERROR: Unable to load filtered assets. {"exception":"SQLSTATE[HY093]: Invalid parameter number"}
[2026-04-24 13:01:06] ERROR: Unable to load filtered assets. {"exception":"SQLSTATE[HY093]: Invalid parameter number"}
[2026-04-24 13:01:07] ERROR: Unable to load filtered assets. {"exception":"SQLSTATE[HY093]: Invalid parameter number"}
[2026-04-24 13:01:07] ERROR: Unable to load filtered assets. {"exception":"SQLSTATE[HY093]: Invalid parameter number"}
[2026-04-24 13:01:10] ERROR: Unable to load filtered assets. {"exception":"SQLSTATE[HY093]: Invalid parameter number"}
[2026-04-24 13:01:10] ERROR: Unable to load filtered assets. {"exception":"SQLSTATE[HY093]: Invalid parameter number"}
[2026-04-24 13:01:11] ERROR: Unable to load filtered assets. {"exception":"SQLSTATE[HY093]: Invalid parameter number"}
[2026-04-24 13:01:11] ERROR: Unable to load filtered assets. {"exception":"SQLSTATE[HY093]: Invalid parameter number"}
[2026-04-24 13:02:21] ERROR: Unable to load filtered assets. {"exception":"SQLSTATE[HY093]: Invalid parameter number"}
[2026-04-24 13:02:22] ERROR: Unable to load filtered assets. {"exception":"SQLSTATE[HY093]: Invalid parameter number"}
[2026-04-24 13:02:22] ERROR: Unable to load filtered assets. {"exception":"SQLSTATE[HY093]: Invalid parameter number"}
[2026-04-24 13:02:22] ERROR: Unable to load filtered assets. {"exception":"SQLSTATE[HY093]: Invalid parameter number"}
[2026-04-24 13:02:26] ERROR: Unable to load filtered assets. {"exception":"SQLSTATE[HY093]: Invalid parameter number"}
[2026-04-24 13:02:27] ERROR: Unable to load filtered assets. {"exception":"SQLSTATE[HY093]: Invalid parameter number"}
[2026-04-24 13:50:24] ERROR: Unable to load filtered assets. {"exception":"SQLSTATE[HY093]: Invalid parameter number"}
[2026-04-24 13:50:24] ERROR: Unable to load filtered assets. {"exception":"SQLSTATE[HY093]: Invalid parameter number"}
[2026-04-24 13:50:25] ERROR: Unable to load filtered assets. {"exception":"SQLSTATE[HY093]: Invalid parameter number"}
[2026-04-24 13:50:25] ERROR: Unable to load filtered assets. {"exception":"SQLSTATE[HY093]: Invalid parameter number"}
[2026-04-24 13:50:27] ERROR: Unable to load filtered assets. {"exception":"SQLSTATE[HY093]: Invalid parameter number"}
[2026-04-24 13:50:27] ERROR: Unable to load filtered assets. {"exception":"SQLSTATE[HY093]: Invalid parameter number"}
[2026-04-24 13:50:27] ERROR: Unable to load filtered assets. {"exception":"SQLSTATE[HY093]: Invalid parameter number"}
[2026-04-24 13:50:28] ERROR: Unable to load filtered assets. {"exception":"SQLSTATE[HY093]: Invalid parameter number"}
[2026-04-24 13:50:30] ERROR: Unable to load filtered assets. {"exception":"SQLSTATE[HY093]: Invalid parameter number"}
[2026-04-24 13:50:30] ERROR: Unable to load filtered assets. {"exception":"SQLSTATE[HY093]: Invalid parameter number"}
[2026-04-24 13:50:31] ERROR: Unable to load filtered assets. {"exception":"SQLSTATE[HY093]: Invalid parameter number"}
[2026-04-24 13:50:31] ERROR: Unable to load filtered assets. {"exception":"SQLSTATE[HY093]: Invalid parameter number"}
[2026-04-24 13:50:31] ERROR: Unable to load filtered assets. {"exception":"SQLSTATE[HY093]: Invalid parameter number"}
[2026-04-24 13:50:31] ERROR: Unable to load filtered assets. {"exception":"SQLSTATE[HY093]: Invalid parameter number"}
[2026-04-24 13:50:35] ERROR: Unable to load filtered assets. {"exception":"SQLSTATE[HY093]: Invalid parameter number"}
[2026-04-24 13:50:36] ERROR: Unable to load filtered assets. {"exception":"SQLSTATE[HY093]: Invalid parameter number"}
[2026-04-24 13:50:37] ERROR: Unable to load filtered assets. {"exception":"SQLSTATE[HY093]: Invalid parameter number"}
[2026-04-24 13:50:38] ERROR: Unable to load filtered assets. {"exception":"SQLSTATE[HY093]: Invalid parameter number"}
[2026-04-24 13:50:47] ERROR: Unable to load filtered assets. {"exception":"SQLSTATE[HY093]: Invalid parameter number"}
[2026-04-24 13:50:47] ERROR: Unable to load filtered assets. {"exception":"SQLSTATE[HY093]: Invalid parameter number"}
[2026-04-24 13:50:50] ERROR: Unable to load filtered assets. {"exception":"SQLSTATE[HY093]: Invalid parameter number"}
[2026-04-24 13:50:51] ERROR: Unable to load filtered assets. {"exception":"SQLSTATE[HY093]: Invalid parameter number"}
[2026-04-25 19:35:37] ERROR: Unable to save inventory item. {"exception":"Too few arguments to function App\\Services\\InventoryService::recordMovement(), 6 passed in C:\\xampp\\htdocs\\IMS (04-23-2026)\\app\\Services\\InventoryService.php on line 285 and exactly 7 expected","payload":{"inventory_item_id":"","request_type":"RSMI","category":"M - Battery","division":"","officer_id":"","description":"","funding_source":"RDC","ris_number":"2026-04-002","stock_number":"M-002","category_select":"M - Battery","custom_category":"","item_name":"Tape","unit":"box","quantity_issued":"2","unit_cost":"565","issued_at":"2026-04-25","total_amount":"1130.00"}}
[2026-04-25 19:35:37] ERROR: Unable to add inventory item. {"exception":"Too few arguments to function App\\Services\\InventoryService::recordMovement(), 6 passed in C:\\xampp\\htdocs\\IMS (04-23-2026)\\app\\Services\\InventoryService.php on line 285 and exactly 7 expected"}
[2026-04-25 19:35:41] ERROR: Unable to save inventory item. {"exception":"Too few arguments to function App\\Services\\InventoryService::recordMovement(), 6 passed in C:\\xampp\\htdocs\\IMS (04-23-2026)\\app\\Services\\InventoryService.php on line 285 and exactly 7 expected","payload":{"inventory_item_id":"","request_type":"RSMI","category":"M - Battery","division":"","officer_id":"","description":"","funding_source":"RDC","ris_number":"2026-04-002","stock_number":"M-002","category_select":"M - Battery","custom_category":"","item_name":"Tape","unit":"box","quantity_issued":"2","unit_cost":"565","issued_at":"2026-04-25","total_amount":"1130.00"}}
[2026-04-25 19:35:41] ERROR: Unable to add inventory item. {"exception":"Too few arguments to function App\\Services\\InventoryService::recordMovement(), 6 passed in C:\\xampp\\htdocs\\IMS (04-23-2026)\\app\\Services\\InventoryService.php on line 285 and exactly 7 expected"}
[2026-04-25 19:37:42] ERROR: Unable to load inventory items. {"exception":"SQLSTATE[HY093]: Invalid parameter number"}
[2026-04-25 19:37:42] ERROR: Unable to load inventory items. {"exception":"SQLSTATE[HY093]: Invalid parameter number"}
[2026-04-25 19:37:44] ERROR: Unable to load inventory items. {"exception":"SQLSTATE[HY093]: Invalid parameter number"}
[2026-04-25 19:37:45] ERROR: Unable to load inventory items. {"exception":"SQLSTATE[HY093]: Invalid parameter number"}
[2026-04-25 19:37:46] ERROR: Unable to load inventory items. {"exception":"SQLSTATE[HY093]: Invalid parameter number"}
[2026-04-25 19:37:47] ERROR: Unable to load inventory items. {"exception":"SQLSTATE[HY093]: Invalid parameter number"}
[2026-04-25 19:37:48] ERROR: Unable to load inventory items. {"exception":"SQLSTATE[HY093]: Invalid parameter number"}
[2026-04-25 19:37:48] ERROR: Unable to load inventory items. {"exception":"SQLSTATE[HY093]: Invalid parameter number"}
[2026-04-25 19:37:49] ERROR: Unable to load inventory items. {"exception":"SQLSTATE[HY093]: Invalid parameter number"}
[2026-04-25 19:37:49] ERROR: Unable to load inventory items. {"exception":"SQLSTATE[HY093]: Invalid parameter number"}
[2026-04-25 19:37:51] ERROR: Unable to load inventory items. {"exception":"SQLSTATE[HY093]: Invalid parameter number"}
[2026-04-25 19:37:52] ERROR: Unable to load inventory items. {"exception":"SQLSTATE[HY093]: Invalid parameter number"}
[2026-04-25 19:44:55] ERROR: Unable to load inventory items. {"exception":"SQLSTATE[HY093]: Invalid parameter number"}
[2026-04-25 19:44:56] ERROR: Unable to load inventory items. {"exception":"SQLSTATE[HY093]: Invalid parameter number"}
[2026-04-26 16:57:34] ERROR: Unable to load filtered assets. {"exception":"SQLSTATE[HY093]: Invalid parameter number"}
[2026-04-26 16:57:34] ERROR: Unable to load filtered assets. {"exception":"SQLSTATE[HY093]: Invalid parameter number"}
[2026-04-28 07:22:40] ERROR: Unable to load filtered assets. {"exception":"SQLSTATE[HY093]: Invalid parameter number"}
[2026-04-28 07:22:40] ERROR: Unable to load filtered assets. {"exception":"SQLSTATE[HY093]: Invalid parameter number"}
[2026-04-28 07:22:41] ERROR: Unable to load filtered assets. {"exception":"SQLSTATE[HY093]: Invalid parameter number"}
[2026-04-28 07:22:41] ERROR: Unable to load filtered assets. {"exception":"SQLSTATE[HY093]: Invalid parameter number"}
[2026-04-28 07:22:42] ERROR: Unable to load filtered assets. {"exception":"SQLSTATE[HY093]: Invalid parameter number"}
[2026-04-28 07:22:43] ERROR: Unable to load filtered assets. {"exception":"SQLSTATE[HY093]: Invalid parameter number"}
[2026-04-28 07:22:45] ERROR: Unable to load filtered assets. {"exception":"SQLSTATE[HY093]: Invalid parameter number"}
[2026-04-28 07:22:45] ERROR: Unable to load filtered assets. {"exception":"SQLSTATE[HY093]: Invalid parameter number"}
[2026-04-28 07:22:46] ERROR: Unable to load filtered assets. {"exception":"SQLSTATE[HY093]: Invalid parameter number"}
[2026-04-28 07:22:47] ERROR: Unable to load filtered assets. {"exception":"SQLSTATE[HY093]: Invalid parameter number"}
[2026-04-28 07:22:47] ERROR: Unable to load filtered assets. {"exception":"SQLSTATE[HY093]: Invalid parameter number"}
[2026-04-28 07:22:48] ERROR: Unable to load filtered assets. {"exception":"SQLSTATE[HY093]: Invalid parameter number"}
[2026-04-28 07:22:48] ERROR: Unable to load filtered assets. {"exception":"SQLSTATE[HY093]: Invalid parameter number"}
[2026-04-28 07:22:48] ERROR: Unable to load filtered assets. {"exception":"SQLSTATE[HY093]: Invalid parameter number"}
[2026-04-28 07:22:50] ERROR: Unable to load filtered assets. {"exception":"SQLSTATE[HY093]: Invalid parameter number"}
[2026-04-28 07:22:50] ERROR: Unable to load filtered assets. {"exception":"SQLSTATE[HY093]: Invalid parameter number"}
[2026-04-28 07:22:50] ERROR: Unable to load filtered assets. {"exception":"SQLSTATE[HY093]: Invalid parameter number"}
[2026-04-28 07:22:51] ERROR: Unable to load filtered assets. {"exception":"SQLSTATE[HY093]: Invalid parameter number"}
[2026-04-28 07:22:51] ERROR: Unable to load filtered assets. {"exception":"SQLSTATE[HY093]: Invalid parameter number"}
[2026-04-28 07:22:51] ERROR: Unable to load filtered assets. {"exception":"SQLSTATE[HY093]: Invalid parameter number"}
[2026-04-28 07:22:51] ERROR: Unable to load filtered assets. {"exception":"SQLSTATE[HY093]: Invalid parameter number"}
[2026-04-28 07:22:52] ERROR: Unable to load filtered assets. {"exception":"SQLSTATE[HY093]: Invalid parameter number"}
[2026-04-28 07:22:52] ERROR: Unable to load filtered assets. {"exception":"SQLSTATE[HY093]: Invalid parameter number"}
[2026-04-28 07:22:52] ERROR: Unable to load filtered assets. {"exception":"SQLSTATE[HY093]: Invalid parameter number"}
[2026-04-28 07:22:53] ERROR: Unable to load filtered assets. {"exception":"SQLSTATE[HY093]: Invalid parameter number"}
[2026-04-28 07:22:53] ERROR: Unable to load filtered assets. {"exception":"SQLSTATE[HY093]: Invalid parameter number"}
[2026-04-28 07:22:54] ERROR: Unable to load filtered assets. {"exception":"SQLSTATE[HY093]: Invalid parameter number"}
[2026-04-28 07:22:54] ERROR: Unable to load filtered assets. {"exception":"SQLSTATE[HY093]: Invalid parameter number"}
[2026-04-28 07:22:55] ERROR: Unable to load filtered assets. {"exception":"SQLSTATE[HY093]: Invalid parameter number"}
[2026-04-28 07:22:55] ERROR: Unable to load filtered assets. {"exception":"SQLSTATE[HY093]: Invalid parameter number"}
[2026-04-28 07:23:03] ERROR: Unable to load filtered assets. {"exception":"SQLSTATE[HY093]: Invalid parameter number"}
[2026-04-28 07:23:03] ERROR: Unable to load filtered assets. {"exception":"SQLSTATE[HY093]: Invalid parameter number"}
[2026-04-28 07:23:04] ERROR: Unable to load filtered assets. {"exception":"SQLSTATE[HY093]: Invalid parameter number"}
[2026-04-28 07:23:04] ERROR: Unable to load filtered assets. {"exception":"SQLSTATE[HY093]: Invalid parameter number"}
[2026-04-28 07:23:05] ERROR: Unable to load filtered assets. {"exception":"SQLSTATE[HY093]: Invalid parameter number"}
[2026-04-28 07:23:05] ERROR: Unable to load filtered assets. {"exception":"SQLSTATE[HY093]: Invalid parameter number"}
[2026-04-28 07:23:05] ERROR: Unable to load filtered assets. {"exception":"SQLSTATE[HY093]: Invalid parameter number"}
[2026-04-28 07:23:05] ERROR: Unable to load filtered assets. {"exception":"SQLSTATE[HY093]: Invalid parameter number"}
[2026-04-28 07:23:06] ERROR: Unable to load filtered assets. {"exception":"SQLSTATE[HY093]: Invalid parameter number"}
[2026-04-28 07:23:07] ERROR: Unable to load filtered assets. {"exception":"SQLSTATE[HY093]: Invalid parameter number"}
[2026-04-28 09:32:17] ERROR: Unable to load filtered assets. {"exception":"SQLSTATE[HY093]: Invalid parameter number"}
[2026-04-28 09:32:17] ERROR: Unable to load filtered assets. {"exception":"SQLSTATE[HY093]: Invalid parameter number"}
